This file contains any messages produced by compilers while
running configure, to aid debugging if configure makes a mistake.

It was created by FULL-PACKAGE-NAME configure VERSION, which was
generated by GNU Autoconf 2.69.  Invocation command line was

  $ ./configure 

## --------- ##
## Platform. ##
## --------- ##

hostname = merov2
uname -m = x86_64
uname -r = 3.14.4-200.fc20.x86_64
uname -s = Linux
uname -v = #1 SMP Tue May 13 13:51:08 UTC 2014

/usr/bin/uname -p = x86_64
/bin/uname -X     = unknown

/bin/arch              = x86_64
/usr/bin/arch -k       = unknown
/usr/convex/getsysinfo = unknown
/usr/bin/hostinfo      = unknown
/bin/machine           = unknown
/usr/bin/oslevel       = unknown
/bin/universe          = unknown

PATH: /opt/apache-maven/bin
PATH: /usr/local/apache2/bin
PATH: /opt/apache-ant/bin
PATH: /home/dmelo/c/QtSDK/Desktop/Qt/4.8.0/gcc/bin
PATH: /home/dmelo/proj2/lan/bin
PATH: /opt/glassfish-manager
PATH: /opt/glassfish/bin
PATH: /usr/local/zend/bin
PATH: /opt/jdk/bin
PATH: /usr/local/zend/bin/
PATH: /opt/jdk
PATH: /home/dmelo/Dowloads/firefox/
PATH: /usr/local/Trolltech/QtEmbedded-4.6.3/bin
PATH: /usr/local/arm/4.3.2/bin
PATH: /opt/DBDesigner4
PATH: /usr/local/bin
PATH: /opt
PATH: /usr/bin
PATH: /usr/sbin
PATH: /bin
PATH: /sbin
PATH: /home/dmelo/java/netbeans-7.0.1/bin
PATH: /opt/netbeans-7.2.1/bin
PATH: /opt/FriendlyARM/toolschain/4.4.3/bin


## ----------- ##
## Core tests. ##
## ----------- ##

configure:2250: checking for g++
configure:2266: found /usr/bin/g++
configure:2277: result: g++
configure:2304: checking for C++ compiler version
configure:2313: g++ --version >&5
g++ (GCC) 4.8.2 20131212 (Red Hat 4.8.2-7)
Copyright (C) 2013 Free Software Foundation, Inc.
This is free software; see the source for copying conditions.  There is NO
warranty; not even for MERCHANTABILITY or FITNESS FOR A PARTICULAR PURPOSE.

configure:2324: $? = 0
configure:2313: g++ -v >&5
Using built-in specs.
COLLECT_GCC=g++
COLLECT_LTO_WRAPPER=/usr/libexec/gcc/x86_64-redhat-linux/4.8.2/lto-wrapper
Target: x86_64-redhat-linux
Configured with: ../configure --prefix=/usr --mandir=/usr/share/man --infodir=/usr/share/info --with-bugurl=http://bugzilla.redhat.com/bugzilla --enable-bootstrap --enable-shared --enable-threads=posix --enable-checking=release --with-system-zlib --enable-__cxa_atexit --disable-libunwind-exceptions --enable-gnu-unique-object --enable-linker-build-id --with-linker-hash-style=gnu --enable-languages=c,c++,objc,obj-c++,java,fortran,ada,go,lto --enable-plugin --enable-initfini-array --enable-java-awt=gtk --disable-dssi --with-java-home=/usr/lib/jvm/java-1.5.0-gcj-1.5.0.0/jre --enable-libgcj-multifile --enable-java-maintainer-mode --with-ecj-jar=/usr/share/java/eclipse-ecj.jar --disable-libjava-multilib --with-isl=/builddir/build/BUILD/gcc-4.8.2-20131212/obj-x86_64-redhat-linux/isl-install --with-cloog=/builddir/build/BUILD/gcc-4.8.2-20131212/obj-x86_64-redhat-linux/cloog-install --with-tune=generic --with-arch_32=i686 --build=x86_64-redhat-linux
Thread model: posix
gcc version 4.8.2 20131212 (Red Hat 4.8.2-7) (GCC) 
configure:2324: $? = 0
configure:2313: g++ -V >&5
g++: error: unrecognized command line option '-V'
g++: fatal error: no input files
compilation terminated.
configure:2324: $? = 4
configure:2313: g++ -qversion >&5
g++: error: unrecognized command line option '-qversion'
g++: fatal error: no input files
compilation terminated.
configure:2324: $? = 4
configure:2344: checking whether the C++ compiler works
configure:2366: g++    conftest.cpp  >&5
configure:2370: $? = 0
configure:2418: result: yes
configure:2421: checking for C++ compiler default output file name
configure:2423: result: a.out
configure:2429: checking for suffix of executables
configure:2436: g++ -o conftest    conftest.cpp  >&5
configure:2440: $? = 0
configure:2462: result: 
configure:2484: checking whether we are cross compiling
configure:2492: g++ -o conftest    conftest.cpp  >&5
configure:2496: $? = 0
configure:2503: ./conftest
configure:2507: $? = 0
configure:2522: result: no
configure:2527: checking for suffix of object files
configure:2549: g++ -c   conftest.cpp >&5
configure:2553: $? = 0
configure:2574: result: o
configure:2578: checking whether we are using the GNU C++ compiler
configure:2597: g++ -c   conftest.cpp >&5
configure:2597: $? = 0
configure:2606: result: yes
configure:2615: checking whether g++ accepts -g
configure:2635: g++ -c -g  conftest.cpp >&5
configure:2635: $? = 0
configure:2676: result: yes
configure:2747: checking for gcc
configure:2763: found /usr/bin/gcc
configure:2774: result: gcc
configure:3003: checking for C compiler version
configure:3012: gcc --version >&5
gcc (GCC) 4.8.2 20131212 (Red Hat 4.8.2-7)
Copyright (C) 2013 Free Software Foundation, Inc.
This is free software; see the source for copying conditions.  There is NO
warranty; not even for MERCHANTABILITY or FITNESS FOR A PARTICULAR PURPOSE.

configure:3023: $? = 0
configure:3012: gcc -v >&5
Using built-in specs.
COLLECT_GCC=gcc
COLLECT_LTO_WRAPPER=/usr/libexec/gcc/x86_64-redhat-linux/4.8.2/lto-wrapper
Target: x86_64-redhat-linux
Configured with: ../configure --prefix=/usr --mandir=/usr/share/man --infodir=/usr/share/info --with-bugurl=http://bugzilla.redhat.com/bugzilla --enable-bootstrap --enable-shared --enable-threads=posix --enable-checking=release --with-system-zlib --enable-__cxa_atexit --disable-libunwind-exceptions --enable-gnu-unique-object --enable-linker-build-id --with-linker-hash-style=gnu --enable-languages=c,c++,objc,obj-c++,java,fortran,ada,go,lto --enable-plugin --enable-initfini-array --enable-java-awt=gtk --disable-dssi --with-java-home=/usr/lib/jvm/java-1.5.0-gcj-1.5.0.0/jre --enable-libgcj-multifile --enable-java-maintainer-mode --with-ecj-jar=/usr/share/java/eclipse-ecj.jar --disable-libjava-multilib --with-isl=/builddir/build/BUILD/gcc-4.8.2-20131212/obj-x86_64-redhat-linux/isl-install --with-cloog=/builddir/build/BUILD/gcc-4.8.2-20131212/obj-x86_64-redhat-linux/cloog-install --with-tune=generic --with-arch_32=i686 --build=x86_64-redhat-linux
Thread model: posix
gcc version 4.8.2 20131212 (Red Hat 4.8.2-7) (GCC) 
configure:3023: $? = 0
configure:3012: gcc -V >&5
gcc: error: unrecognized command line option '-V'
gcc: fatal error: no input files
compilation terminated.
configure:3023: $? = 4
configure:3012: gcc -qversion >&5
gcc: error: unrecognized command line option '-qversion'
gcc: fatal error: no input files
compilation terminated.
configure:3023: $? = 4
configure:3027: checking whether we are using the GNU C compiler
configure:3046: gcc -c   conftest.c >&5
configure:3046: $? = 0
configure:3055: result: yes
configure:3064: checking whether gcc accepts -g
configure:3084: gcc -c -g  conftest.c >&5
configure:3084: $? = 0
configure:3125: result: yes
configure:3142: checking for gcc option to accept ISO C89
configure:3205: gcc  -c -g -O2  conftest.c >&5
configure:3205: $? = 0
configure:3218: result: none needed
configure:3242: checking for main in -lGL
configure:3261: gcc -o conftest -g -O2   conftest.c -lGL   >&5
configure:3261: $? = 0
configure:3270: result: yes
configure:3282: checking for main in -lglut
configure:3301: gcc -o conftest -g -O2   conftest.c -lglut  -lGL  >&5
configure:3301: $? = 0
configure:3310: result: yes
configure:3322: checking for main in -lpthread
configure:3341: gcc -o conftest -g -O2   conftest.c -lpthread  -lglut -lGL  >&5
configure:3341: $? = 0
configure:3350: result: yes
configure:3362: checking for main in -lrevel
configure:3381: gcc -o conftest -g -O2   conftest.c -lrevel  -lpthread -lglut -lGL  >&5
/usr/bin/ld: cannot find -lrevel
collect2: error: ld returned 1 exit status
configure:3381: $? = 1
configure: failed program was:
| /* confdefs.h */
| #define PACKAGE_NAME "FULL-PACKAGE-NAME"
| #define PACKAGE_TARNAME "full-package-name"
| #define PACKAGE_VERSION "VERSION"
| #define PACKAGE_STRING "FULL-PACKAGE-NAME VERSION"
| #define PACKAGE_BUGREPORT "BUG-REPORT-ADDRESS"
| #define PACKAGE_URL ""
| #define HAVE_LIBGL 1
| #define HAVE_LIBGLUT 1
| #define HAVE_LIBPTHREAD 1
| /* end confdefs.h.  */
| 
| 
| int
| main ()
| {
| return main ();
|   ;
|   return 0;
| }
configure:3390: result: no
configure:3402: checking for main in -lxvidcore
configure:3421: gcc -o conftest -g -O2   conftest.c -lxvidcore  -lpthread -lglut -lGL  >&5
configure:3421: $? = 0
configure:3430: result: yes
configure:3448: checking how to run the C preprocessor
configure:3479: gcc -E  conftest.c
configure:3479: $? = 0
configure:3493: gcc -E  conftest.c
conftest.c:13:28: fatal error: ac_nonexistent.h: No such file or directory
 #include <ac_nonexistent.h>
                            ^
compilation terminated.
configure:3493: $? = 1
configure: failed program was:
| /* confdefs.h */
| #define PACKAGE_NAME "FULL-PACKAGE-NAME"
| #define PACKAGE_TARNAME "full-package-name"
| #define PACKAGE_VERSION "VERSION"
| #define PACKAGE_STRING "FULL-PACKAGE-NAME VERSION"
| #define PACKAGE_BUGREPORT "BUG-REPORT-ADDRESS"
| #define PACKAGE_URL ""
| #define HAVE_LIBGL 1
| #define HAVE_LIBGLUT 1
| #define HAVE_LIBPTHREAD 1
| #define HAVE_LIBXVIDCORE 1
| /* end confdefs.h.  */
| #include <ac_nonexistent.h>
configure:3518: result: gcc -E
configure:3538: gcc -E  conftest.c
configure:3538: $? = 0
configure:3552: gcc -E  conftest.c
conftest.c:13:28: fatal error: ac_nonexistent.h: No such file or directory
 #include <ac_nonexistent.h>
                            ^
compilation terminated.
configure:3552: $? = 1
configure: failed program was:
| /* confdefs.h */
| #define PACKAGE_NAME "FULL-PACKAGE-NAME"
| #define PACKAGE_TARNAME "full-package-name"
| #define PACKAGE_VERSION "VERSION"
| #define PACKAGE_STRING "FULL-PACKAGE-NAME VERSION"
| #define PACKAGE_BUGREPORT "BUG-REPORT-ADDRESS"
| #define PACKAGE_URL ""
| #define HAVE_LIBGL 1
| #define HAVE_LIBGLUT 1
| #define HAVE_LIBPTHREAD 1
| #define HAVE_LIBXVIDCORE 1
| /* end confdefs.h.  */
| #include <ac_nonexistent.h>
configure:3581: checking for grep that handles long lines and -e
configure:3639: result: /usr/bin/grep
configure:3644: checking for egrep
configure:3706: result: /usr/bin/grep -E
configure:3711: checking for ANSI C header files
configure:3731: gcc -c -g -O2  conftest.c >&5
configure:3731: $? = 0
configure:3804: gcc -o conftest -g -O2   conftest.c -lxvidcore -lpthread -lglut -lGL  >&5
configure:3804: $? = 0
configure:3804: ./conftest
configure:3804: $? = 0
configure:3815: result: yes
configure:3828: checking for sys/types.h
configure:3828: gcc -c -g -O2  conftest.c >&5
configure:3828: $? = 0
configure:3828: result: yes
configure:3828: checking for sys/stat.h
configure:3828: gcc -c -g -O2  conftest.c >&5
configure:3828: $? = 0
configure:3828: result: yes
configure:3828: checking for stdlib.h
configure:3828: gcc -c -g -O2  conftest.c >&5
configure:3828: $? = 0
configure:3828: result: yes
configure:3828: checking for string.h
configure:3828: gcc -c -g -O2  conftest.c >&5
configure:3828: $? = 0
configure:3828: result: yes
configure:3828: checking for memory.h
configure:3828: gcc -c -g -O2  conftest.c >&5
configure:3828: $? = 0
configure:3828: result: yes
configure:3828: checking for strings.h
configure:3828: gcc -c -g -O2  conftest.c >&5
configure:3828: $? = 0
configure:3828: result: yes
configure:3828: checking for inttypes.h
configure:3828: gcc -c -g -O2  conftest.c >&5
configure:3828: $? = 0
configure:3828: result: yes
configure:3828: checking for stdint.h
configure:3828: gcc -c -g -O2  conftest.c >&5
configure:3828: $? = 0
configure:3828: result: yes
configure:3828: checking for unistd.h
configure:3828: gcc -c -g -O2  conftest.c >&5
configure:3828: $? = 0
configure:3828: result: yes
configure:3843: checking arpa/inet.h usability
configure:3843: gcc -c -g -O2  conftest.c >&5
configure:3843: $? = 0
configure:3843: result: yes
configure:3843: checking arpa/inet.h presence
configure:3843: gcc -E  conftest.c
configure:3843: $? = 0
configure:3843: result: yes
configure:3843: checking for arpa/inet.h
configure:3843: result: yes
configure:3843: checking fcntl.h usability
configure:3843: gcc -c -g -O2  conftest.c >&5
configure:3843: $? = 0
configure:3843: result: yes
configure:3843: checking fcntl.h presence
configure:3843: gcc -E  conftest.c
configure:3843: $? = 0
configure:3843: result: yes
configure:3843: checking for fcntl.h
configure:3843: result: yes
configure:3843: checking malloc.h usability
configure:3843: gcc -c -g -O2  conftest.c >&5
configure:3843: $? = 0
configure:3843: result: yes
configure:3843: checking malloc.h presence
configure:3843: gcc -E  conftest.c
configure:3843: $? = 0
configure:3843: result: yes
configure:3843: checking for malloc.h
configure:3843: result: yes
configure:3843: checking netdb.h usability
configure:3843: gcc -c -g -O2  conftest.c >&5
configure:3843: $? = 0
configure:3843: result: yes
configure:3843: checking netdb.h presence
configure:3843: gcc -E  conftest.c
configure:3843: $? = 0
configure:3843: result: yes
configure:3843: checking for netdb.h
configure:3843: result: yes
configure:3843: checking netinet/in.h usability
configure:3843: gcc -c -g -O2  conftest.c >&5
configure:3843: $? = 0
configure:3843: result: yes
configure:3843: checking netinet/in.h presence
configure:3843: gcc -E  conftest.c
configure:3843: $? = 0
configure:3843: result: yes
configure:3843: checking for netinet/in.h
configure:3843: result: yes
configure:3843: checking for stdlib.h
configure:3843: result: yes
configure:3843: checking for string.h
configure:3843: result: yes
configure:3843: checking for strings.h
configure:3843: result: yes
configure:3843: checking sys/socket.h usability
configure:3843: gcc -c -g -O2  conftest.c >&5
configure:3843: $? = 0
configure:3843: result: yes
configure:3843: checking sys/socket.h presence
configure:3843: gcc -E  conftest.c
configure:3843: $? = 0
configure:3843: result: yes
configure:3843: checking for sys/socket.h
configure:3843: result: yes
configure:3843: checking sys/time.h usability
configure:3843: gcc -c -g -O2  conftest.c >&5
configure:3843: $? = 0
configure:3843: result: yes
configure:3843: checking sys/time.h presence
configure:3843: gcc -E  conftest.c
configure:3843: $? = 0
configure:3843: result: yes
configure:3843: checking for sys/time.h
configure:3843: result: yes
configure:3843: checking for unistd.h
configure:3843: result: yes
configure:3855: checking for stdbool.h that conforms to C99
configure:3922: gcc -c -g -O2  conftest.c >&5
configure:3922: $? = 0
configure:3929: result: yes
configure:3931: checking for _Bool
configure:3931: gcc -c -g -O2  conftest.c >&5
configure:3931: $? = 0
configure:3931: gcc -c -g -O2  conftest.c >&5
conftest.c: In function 'main':
conftest.c:70:20: error: expected expression before ')' token
 if (sizeof ((_Bool)))
                    ^
configure:3931: $? = 1
configure: failed program was:
| /* confdefs.h */
| #define PACKAGE_NAME "FULL-PACKAGE-NAME"
| #define PACKAGE_TARNAME "full-package-name"
| #define PACKAGE_VERSION "VERSION"
| #define PACKAGE_STRING "FULL-PACKAGE-NAME VERSION"
| #define PACKAGE_BUGREPORT "BUG-REPORT-ADDRESS"
| #define PACKAGE_URL ""
| #define HAVE_LIBGL 1
| #define HAVE_LIBGLUT 1
| #define HAVE_LIBPTHREAD 1
| #define HAVE_LIBXVIDCORE 1
| #define STDC_HEADERS 1
| #define HAVE_SYS_TYPES_H 1
| #define HAVE_SYS_STAT_H 1
| #define HAVE_STDLIB_H 1
| #define HAVE_STRING_H 1
| #define HAVE_MEMORY_H 1
| #define HAVE_STRINGS_H 1
| #define HAVE_INTTYPES_H 1
| #define HAVE_STDINT_H 1
| #define HAVE_UNISTD_H 1
| #define HAVE_ARPA_INET_H 1
| #define HAVE_FCNTL_H 1
| #define HAVE_MALLOC_H 1
| #define HAVE_NETDB_H 1
| #define HAVE_NETINET_IN_H 1
| #define HAVE_STDLIB_H 1
| #define HAVE_STRING_H 1
| #define HAVE_STRINGS_H 1
| #define HAVE_SYS_SOCKET_H 1
| #define HAVE_SYS_TIME_H 1
| #define HAVE_UNISTD_H 1
| /* end confdefs.h.  */
| #include <stdio.h>
| #ifdef HAVE_SYS_TYPES_H
| # include <sys/types.h>
| #endif
| #ifdef HAVE_SYS_STAT_H
| # include <sys/stat.h>
| #endif
| #ifdef STDC_HEADERS
| # include <stdlib.h>
| # include <stddef.h>
| #else
| # ifdef HAVE_STDLIB_H
| #  include <stdlib.h>
| # endif
| #endif
| #ifdef HAVE_STRING_H
| # if !defined STDC_HEADERS && defined HAVE_MEMORY_H
| #  include <memory.h>
| # endif
| # include <string.h>
| #endif
| #ifdef HAVE_STRINGS_H
| # include <strings.h>
| #endif
| #ifdef HAVE_INTTYPES_H
| # include <inttypes.h>
| #endif
| #ifdef HAVE_STDINT_H
| # include <stdint.h>
| #endif
| #ifdef HAVE_UNISTD_H
| # include <unistd.h>
| #endif
| int
| main ()
| {
| if (sizeof ((_Bool)))
| 	    return 0;
|   ;
|   return 0;
| }
configure:3931: result: yes
configure:3942: checking for inline
configure:3958: gcc -c -g -O2  conftest.c >&5
configure:3958: $? = 0
configure:3966: result: inline
configure:3988: checking for stdlib.h
configure:3988: result: yes
configure:3998: checking for GNU libc compatible malloc
configure:4022: gcc -o conftest -g -O2   conftest.c -lxvidcore -lpthread -lglut -lGL  >&5
configure:4022: $? = 0
configure:4022: ./conftest
configure:4022: $? = 0
configure:4032: result: yes
configure:4055: checking for stdlib.h
configure:4055: result: yes
configure:4065: checking for GNU libc compatible realloc
configure:4089: gcc -o conftest -g -O2   conftest.c -lxvidcore -lpthread -lglut -lGL  >&5
configure:4089: $? = 0
configure:4089: ./conftest
configure:4089: $? = 0
configure:4099: result: yes
configure:4123: checking for bzero
configure:4123: gcc -o conftest -g -O2   conftest.c -lxvidcore -lpthread -lglut -lGL  >&5
conftest.c:62:6: warning: conflicting types for built-in function 'bzero' [enabled by default]
 char bzero ();
      ^
configure:4123: $? = 0
configure:4123: result: yes
configure:4123: checking for ftruncate
configure:4123: gcc -o conftest -g -O2   conftest.c -lxvidcore -lpthread -lglut -lGL  >&5
configure:4123: $? = 0
configure:4123: result: yes
configure:4123: checking for gethostbyaddr
configure:4123: gcc -o conftest -g -O2   conftest.c -lxvidcore -lpthread -lglut -lGL  >&5
configure:4123: $? = 0
configure:4123: result: yes
configure:4123: checking for gethostbyname
configure:4123: gcc -o conftest -g -O2   conftest.c -lxvidcore -lpthread -lglut -lGL  >&5
configure:4123: $? = 0
configure:4123: result: yes
configure:4123: checking for gettimeofday
configure:4123: gcc -o conftest -g -O2   conftest.c -lxvidcore -lpthread -lglut -lGL  >&5
configure:4123: $? = 0
configure:4123: result: yes
configure:4123: checking for memset
configure:4123: gcc -o conftest -g -O2   conftest.c -lxvidcore -lpthread -lglut -lGL  >&5
conftest.c:67:6: warning: conflicting types for built-in function 'memset' [enabled by default]
 char memset ();
      ^
configure:4123: $? = 0
configure:4123: result: yes
configure:4123: checking for pow
configure:4123: gcc -o conftest -g -O2   conftest.c -lxvidcore -lpthread -lglut -lGL  >&5
conftest.c:68:6: warning: conflicting types for built-in function 'pow' [enabled by default]
 char pow ();
      ^
/usr/bin/ld: /tmp/ccRtOd1b.o: undefined reference to symbol 'pow@@GLIBC_2.2.5'
/usr/bin/ld: note: 'pow@@GLIBC_2.2.5' is defined in DSO /lib64/libm.so.6 so try adding it to the linker command line
/lib64/libm.so.6: could not read symbols: Invalid operation
collect2: error: ld returned 1 exit status
configure:4123: $? = 1
configure: failed program was:
| /* confdefs.h */
| #define PACKAGE_NAME "FULL-PACKAGE-NAME"
| #define PACKAGE_TARNAME "full-package-name"
| #define PACKAGE_VERSION "VERSION"
| #define PACKAGE_STRING "FULL-PACKAGE-NAME VERSION"
| #define PACKAGE_BUGREPORT "BUG-REPORT-ADDRESS"
| #define PACKAGE_URL ""
| #define HAVE_LIBGL 1
| #define HAVE_LIBGLUT 1
| #define HAVE_LIBPTHREAD 1
| #define HAVE_LIBXVIDCORE 1
| #define STDC_HEADERS 1
| #define HAVE_SYS_TYPES_H 1
| #define HAVE_SYS_STAT_H 1
| #define HAVE_STDLIB_H 1
| #define HAVE_STRING_H 1
| #define HAVE_MEMORY_H 1
| #define HAVE_STRINGS_H 1
| #define HAVE_INTTYPES_H 1
| #define HAVE_STDINT_H 1
| #define HAVE_UNISTD_H 1
| #define HAVE_ARPA_INET_H 1
| #define HAVE_FCNTL_H 1
| #define HAVE_MALLOC_H 1
| #define HAVE_NETDB_H 1
| #define HAVE_NETINET_IN_H 1
| #define HAVE_STDLIB_H 1
| #define HAVE_STRING_H 1
| #define HAVE_STRINGS_H 1
| #define HAVE_SYS_SOCKET_H 1
| #define HAVE_SYS_TIME_H 1
| #define HAVE_UNISTD_H 1
| #define HAVE__BOOL 1
| #define HAVE_STDLIB_H 1
| #define HAVE_MALLOC 1
| #define HAVE_STDLIB_H 1
| #define HAVE_REALLOC 1
| #define HAVE_BZERO 1
| #define HAVE_FTRUNCATE 1
| #define HAVE_GETHOSTBYADDR 1
| #define HAVE_GETHOSTBYNAME 1
| #define HAVE_GETTIMEOFDAY 1
| #define HAVE_MEMSET 1
| /* end confdefs.h.  */
| /* Define pow to an innocuous variant, in case <limits.h> declares pow.
|    For example, HP-UX 11i <limits.h> declares gettimeofday.  */
| #define pow innocuous_pow
| 
| /* System header to define __stub macros and hopefully few prototypes,
|     which can conflict with char pow (); below.
|     Prefer <limits.h> to <assert.h> if __STDC__ is defined, since
|     <limits.h> exists even on freestanding compilers.  */
| 
| #ifdef __STDC__
| # include <limits.h>
| #else
| # include <assert.h>
| #endif
| 
| #undef pow
| 
| /* Override any GCC internal prototype to avoid an error.
|    Use char because int might match the return type of a GCC
|    builtin and then its argument prototype would still apply.  */
| #ifdef __cplusplus
| extern "C"
| #endif
| char pow ();
| /* The GNU C library defines this for functions which it implements
|     to always fail with ENOSYS.  Some functions are actually named
|     something starting with __ and the normal name is an alias.  */
| #if defined __stub_pow || defined __stub___pow
| choke me
| #endif
| 
| int
| main ()
| {
| return pow ();
|   ;
|   return 0;
| }
configure:4123: result: no
configure:4123: checking for socket
configure:4123: gcc -o conftest -g -O2   conftest.c -lxvidcore -lpthread -lglut -lGL  >&5
configure:4123: $? = 0
configure:4123: result: yes
configure:4123: checking for sqrt
configure:4123: gcc -o conftest -g -O2   conftest.c -lxvidcore -lpthread -lglut -lGL  >&5
conftest.c:69:6: warning: conflicting types for built-in function 'sqrt' [enabled by default]
 char sqrt ();
      ^
/usr/bin/ld: /tmp/ccykjZJj.o: undefined reference to symbol 'sqrt@@GLIBC_2.2.5'
/usr/bin/ld: note: 'sqrt@@GLIBC_2.2.5' is defined in DSO /lib64/libm.so.6 so try adding it to the linker command line
/lib64/libm.so.6: could not read symbols: Invalid operation
collect2: error: ld returned 1 exit status
configure:4123: $? = 1
configure: failed program was:
| /* confdefs.h */
| #define PACKAGE_NAME "FULL-PACKAGE-NAME"
| #define PACKAGE_TARNAME "full-package-name"
| #define PACKAGE_VERSION "VERSION"
| #define PACKAGE_STRING "FULL-PACKAGE-NAME VERSION"
| #define PACKAGE_BUGREPORT "BUG-REPORT-ADDRESS"
| #define PACKAGE_URL ""
| #define HAVE_LIBGL 1
| #define HAVE_LIBGLUT 1
| #define HAVE_LIBPTHREAD 1
| #define HAVE_LIBXVIDCORE 1
| #define STDC_HEADERS 1
| #define HAVE_SYS_TYPES_H 1
| #define HAVE_SYS_STAT_H 1
| #define HAVE_STDLIB_H 1
| #define HAVE_STRING_H 1
| #define HAVE_MEMORY_H 1
| #define HAVE_STRINGS_H 1
| #define HAVE_INTTYPES_H 1
| #define HAVE_STDINT_H 1
| #define HAVE_UNISTD_H 1
| #define HAVE_ARPA_INET_H 1
| #define HAVE_FCNTL_H 1
| #define HAVE_MALLOC_H 1
| #define HAVE_NETDB_H 1
| #define HAVE_NETINET_IN_H 1
| #define HAVE_STDLIB_H 1
| #define HAVE_STRING_H 1
| #define HAVE_STRINGS_H 1
| #define HAVE_SYS_SOCKET_H 1
| #define HAVE_SYS_TIME_H 1
| #define HAVE_UNISTD_H 1
| #define HAVE__BOOL 1
| #define HAVE_STDLIB_H 1
| #define HAVE_MALLOC 1
| #define HAVE_STDLIB_H 1
| #define HAVE_REALLOC 1
| #define HAVE_BZERO 1
| #define HAVE_FTRUNCATE 1
| #define HAVE_GETHOSTBYADDR 1
| #define HAVE_GETHOSTBYNAME 1
| #define HAVE_GETTIMEOFDAY 1
| #define HAVE_MEMSET 1
| #define HAVE_SOCKET 1
| /* end confdefs.h.  */
| /* Define sqrt to an innocuous variant, in case <limits.h> declares sqrt.
|    For example, HP-UX 11i <limits.h> declares gettimeofday.  */
| #define sqrt innocuous_sqrt
| 
| /* System header to define __stub macros and hopefully few prototypes,
|     which can conflict with char sqrt (); below.
|     Prefer <limits.h> to <assert.h> if __STDC__ is defined, since
|     <limits.h> exists even on freestanding compilers.  */
| 
| #ifdef __STDC__
| # include <limits.h>
| #else
| # include <assert.h>
| #endif
| 
| #undef sqrt
| 
| /* Override any GCC internal prototype to avoid an error.
|    Use char because int might match the return type of a GCC
|    builtin and then its argument prototype would still apply.  */
| #ifdef __cplusplus
| extern "C"
| #endif
| char sqrt ();
| /* The GNU C library defines this for functions which it implements
|     to always fail with ENOSYS.  Some functions are actually named
|     something starting with __ and the normal name is an alias.  */
| #if defined __stub_sqrt || defined __stub___sqrt
| choke me
| #endif
| 
| int
| main ()
| {
| return sqrt ();
|   ;
|   return 0;
| }
configure:4123: result: no
configure:4123: checking for strerror
configure:4123: gcc -o conftest -g -O2   conftest.c -lxvidcore -lpthread -lglut -lGL  >&5
configure:4123: $? = 0
configure:4123: result: yes
configure:4123: checking for strncasecmp
configure:4123: gcc -o conftest -g -O2   conftest.c -lxvidcore -lpthread -lglut -lGL  >&5
conftest.c:70:6: warning: conflicting types for built-in function 'strncasecmp' [enabled by default]
 char strncasecmp ();
      ^
configure:4123: $? = 0
configure:4123: result: yes
configure:4123: checking for strstr
configure:4123: gcc -o conftest -g -O2   conftest.c -lxvidcore -lpthread -lglut -lGL  >&5
conftest.c:71:6: warning: conflicting types for built-in function 'strstr' [enabled by default]
 char strstr ();
      ^
configure:4123: $? = 0
configure:4123: result: yes
configure:4249: creating ./config.status

## ---------------------- ##
## Running config.status. ##
## ---------------------- ##

This file was extended by FULL-PACKAGE-NAME config.status VERSION, which was
generated by GNU Autoconf 2.69.  Invocation command line was

  CONFIG_FILES    = 
  CONFIG_HEADERS  = 
  CONFIG_LINKS    = 
  CONFIG_COMMANDS = 
  $ ./config.status 

on merov2

config.status:838: creating Makefile
config.status:838: creating src/Makefile
config.status:838: creating src/eyes_java/Makefile
config.status:838: creating src/eyes_opengl/Makefile
config.status:838: creating src/lib/Makefile
config.status:838: creating src/lib/mathud/Makefile
config.status:838: creating src/revel/Makefile
config.status:937: WARNING:  'src/revel/Makefile.in' seems to ignore the --datarootdir setting
config.status:838: creating src/simulator/Makefile
config.status:838: creating src/teste/Makefile
config.status:838: creating config.h
config.status:1008: config.h is unchanged

## ---------------- ##
## Cache variables. ##
## ---------------- ##

ac_cv_c_compiler_gnu=yes
ac_cv_c_inline=inline
ac_cv_cxx_compiler_gnu=yes
ac_cv_env_CCC_set=
ac_cv_env_CCC_value=
ac_cv_env_CC_set=
ac_cv_env_CC_value=
ac_cv_env_CFLAGS_set=
ac_cv_env_CFLAGS_value=
ac_cv_env_CPPFLAGS_set=
ac_cv_env_CPPFLAGS_value=
ac_cv_env_CPP_set=
ac_cv_env_CPP_value=
ac_cv_env_CXXFLAGS_set=
ac_cv_env_CXXFLAGS_value=
ac_cv_env_CXX_set=
ac_cv_env_CXX_value=
ac_cv_env_LDFLAGS_set=
ac_cv_env_LDFLAGS_value=
ac_cv_env_LIBS_set=
ac_cv_env_LIBS_value=
ac_cv_env_build_alias_set=
ac_cv_env_build_alias_value=
ac_cv_env_host_alias_set=
ac_cv_env_host_alias_value=
ac_cv_env_target_alias_set=
ac_cv_env_target_alias_value=
ac_cv_func_bzero=yes
ac_cv_func_ftruncate=yes
ac_cv_func_gethostbyaddr=yes
ac_cv_func_gethostbyname=yes
ac_cv_func_gettimeofday=yes
ac_cv_func_malloc_0_nonnull=yes
ac_cv_func_memset=yes
ac_cv_func_pow=no
ac_cv_func_realloc_0_nonnull=yes
ac_cv_func_socket=yes
ac_cv_func_sqrt=no
ac_cv_func_strerror=yes
ac_cv_func_strncasecmp=yes
ac_cv_func_strstr=yes
ac_cv_header_arpa_inet_h=yes
ac_cv_header_fcntl_h=yes
ac_cv_header_inttypes_h=yes
ac_cv_header_malloc_h=yes
ac_cv_header_memory_h=yes
ac_cv_header_netdb_h=yes
ac_cv_header_netinet_in_h=yes
ac_cv_header_stdbool_h=yes
ac_cv_header_stdc=yes
ac_cv_header_stdint_h=yes
ac_cv_header_stdlib_h=yes
ac_cv_header_string_h=yes
ac_cv_header_strings_h=yes
ac_cv_header_sys_socket_h=yes
ac_cv_header_sys_stat_h=yes
ac_cv_header_sys_time_h=yes
ac_cv_header_sys_types_h=yes
ac_cv_header_unistd_h=yes
ac_cv_lib_GL_main=yes
ac_cv_lib_glut_main=yes
ac_cv_lib_pthread_main=yes
ac_cv_lib_revel_main=no
ac_cv_lib_xvidcore_main=yes
ac_cv_objext=o
ac_cv_path_EGREP='/usr/bin/grep -E'
ac_cv_path_GREP=/usr/bin/grep
ac_cv_prog_CPP='gcc -E'
ac_cv_prog_ac_ct_CC=gcc
ac_cv_prog_ac_ct_CXX=g++
ac_cv_prog_cc_c89=
ac_cv_prog_cc_g=yes
ac_cv_prog_cxx_g=yes
ac_cv_type__Bool=yes

## ----------------- ##
## Output variables. ##
## ----------------- ##

CC='gcc'
CFLAGS='-g -O2'
CPP='gcc -E'
CPPFLAGS=''
CXX='g++'
CXXFLAGS='-g -O2'
DEFS='-DHAVE_CONFIG_H'
ECHO_C=''
ECHO_N='-n'
ECHO_T=''
EGREP='/usr/bin/grep -E'
EXEEXT=''
GREP='/usr/bin/grep'
LDFLAGS=''
LIBOBJS=''
LIBS='-lxvidcore -lpthread -lglut -lGL '
LTLIBOBJS=''
OBJEXT='o'
PACKAGE_BUGREPORT='BUG-REPORT-ADDRESS'
PACKAGE_NAME='FULL-PACKAGE-NAME'
PACKAGE_STRING='FULL-PACKAGE-NAME VERSION'
PACKAGE_TARNAME='full-package-name'
PACKAGE_URL=''
PACKAGE_VERSION='VERSION'
PATH_SEPARATOR=':'
SHELL='/bin/sh'
ac_ct_CC='gcc'
ac_ct_CXX='g++'
bindir='${exec_prefix}/bin'
build_alias=''
datadir='${datarootdir}'
datarootdir='${prefix}/share'
docdir='${datarootdir}/doc/${PACKAGE_TARNAME}'
dvidir='${docdir}'
exec_prefix='${prefix}'
host_alias=''
htmldir='${docdir}'
includedir='${prefix}/include'
infodir='${datarootdir}/info'
libdir='${exec_prefix}/lib'
libexecdir='${exec_prefix}/libexec'
localedir='${datarootdir}/locale'
localstatedir='${prefix}/var'
mandir='${datarootdir}/man'
oldincludedir='/usr/include'
pdfdir='${docdir}'
prefix='/usr/local'
program_transform_name='s,x,x,'
psdir='${docdir}'
sbindir='${exec_prefix}/sbin'
sharedstatedir='${prefix}/com'
sysconfdir='${prefix}/etc'
target_alias=''

## ----------- ##
## confdefs.h. ##
## ----------- ##

/* confdefs.h */
#define PACKAGE_NAME "FULL-PACKAGE-NAME"
#define PACKAGE_TARNAME "full-package-name"
#define PACKAGE_VERSION "VERSION"
#define PACKAGE_STRING "FULL-PACKAGE-NAME VERSION"
#define PACKAGE_BUGREPORT "BUG-REPORT-ADDRESS"
#define PACKAGE_URL ""
#define HAVE_LIBGL 1
#define HAVE_LIBGLUT 1
#define HAVE_LIBPTHREAD 1
#define HAVE_LIBXVIDCORE 1
#define STDC_HEADERS 1
#define HAVE_SYS_TYPES_H 1
#define HAVE_SYS_STAT_H 1
#define HAVE_STDLIB_H 1
#define HAVE_STRING_H 1
#define HAVE_MEMORY_H 1
#define HAVE_STRINGS_H 1
#define HAVE_INTTYPES_H 1
#define HAVE_STDINT_H 1
#define HAVE_UNISTD_H 1
#define HAVE_ARPA_INET_H 1
#define HAVE_FCNTL_H 1
#define HAVE_MALLOC_H 1
#define HAVE_NETDB_H 1
#define HAVE_NETINET_IN_H 1
#define HAVE_STDLIB_H 1
#define HAVE_STRING_H 1
#define HAVE_STRINGS_H 1
#define HAVE_SYS_SOCKET_H 1
#define HAVE_SYS_TIME_H 1
#define HAVE_UNISTD_H 1
#define HAVE__BOOL 1
#define HAVE_STDLIB_H 1
#define HAVE_MALLOC 1
#define HAVE_STDLIB_H 1
#define HAVE_REALLOC 1
#define HAVE_BZERO 1
#define HAVE_FTRUNCATE 1
#define HAVE_GETHOSTBYADDR 1
#define HAVE_GETHOSTBYNAME 1
#define HAVE_GETTIMEOFDAY 1
#define HAVE_MEMSET 1
#define HAVE_SOCKET 1
#define HAVE_STRERROR 1
#define HAVE_STRNCASECMP 1
#define HAVE_STRSTR 1

configure: exit 0
