Warning: ignoring unsupported tag `DOXYFILE_ENCODING      =' at line 23, file doxygen.cfg
Warning: ignoring unsupported tag `CPP_CLI_SUPPORT        =' at line 208, file doxygen.cfg
Warning: ignoring unsupported tag `INPUT_ENCODING         =' at line 472, file doxygen.cfg
Warning: ignoring unsupported tag `EXCLUDE_SYMBOLS        =' at line 514, file doxygen.cfg
Warning: ignoring unsupported tag `MSCGEN_PATH            =' at line 1111, file doxygen.cfg
Warning: ignoring unsupported tag `DOT_GRAPH_MAX_NODES    =' at line 1221, file doxygen.cfg
Searching for include files...
Searching for example files...
Searching for images...
Searching for dot files...
Searching for files to exclude
Searching for files to process...
Search for files in directory /exp/xyxper/dmelo/c/uspds/src/simulator
Search for files in directory /exp/xyxper/dmelo/c/uspds/src/eyes_opengl
Search for files in directory /exp/xyxper/dmelo/c/uspds/src/eyes_java
Search for files in directory /exp/xyxper/dmelo/c/uspds/src/strategy
Search for files in directory /exp/xyxper/dmelo/c/uspds/src/lib
Reading and parsing tag files
Preprocessing /exp/xyxper/dmelo/c/uspds/src/simulator/bola.cc...
Parsing file /exp/xyxper/dmelo/c/uspds/src/simulator/bola.cc...
Preprocessing /exp/xyxper/dmelo/c/uspds/src/simulator/bola.h...
Parsing file /exp/xyxper/dmelo/c/uspds/src/simulator/bola.h...
Preprocessing /exp/xyxper/dmelo/c/uspds/src/simulator/campo.cc...
Parsing file /exp/xyxper/dmelo/c/uspds/src/simulator/campo.cc...
Preprocessing /exp/xyxper/dmelo/c/uspds/src/simulator/campo.h...
Parsing file /exp/xyxper/dmelo/c/uspds/src/simulator/campo.h...
Preprocessing /exp/xyxper/dmelo/c/uspds/src/simulator/functions.h...
Parsing file /exp/xyxper/dmelo/c/uspds/src/simulator/functions.h...
Preprocessing /exp/xyxper/dmelo/c/uspds/src/simulator/functions_vo.h...
Parsing file /exp/xyxper/dmelo/c/uspds/src/simulator/functions_vo.h...
Preprocessing /exp/xyxper/dmelo/c/uspds/src/simulator/robo.cc...
Parsing file /exp/xyxper/dmelo/c/uspds/src/simulator/robo.cc...
Preprocessing /exp/xyxper/dmelo/c/uspds/src/simulator/robo.cc.cc...
Parsing file /exp/xyxper/dmelo/c/uspds/src/simulator/robo.cc.cc...
Preprocessing /exp/xyxper/dmelo/c/uspds/src/simulator/robo.h...
Parsing file /exp/xyxper/dmelo/c/uspds/src/simulator/robo.h...
Preprocessing /exp/xyxper/dmelo/c/uspds/src/simulator/simulator.cc...
Parsing file /exp/xyxper/dmelo/c/uspds/src/simulator/simulator.cc...
Preprocessing /exp/xyxper/dmelo/c/uspds/src/simulator/simulator.h...
Parsing file /exp/xyxper/dmelo/c/uspds/src/simulator/simulator.h...
Preprocessing /exp/xyxper/dmelo/c/uspds/src/eyes_opengl/eyes.cc...
Parsing file /exp/xyxper/dmelo/c/uspds/src/eyes_opengl/eyes.cc...
Preprocessing /exp/xyxper/dmelo/c/uspds/src/eyes_opengl/eyes.h...
Parsing file /exp/xyxper/dmelo/c/uspds/src/eyes_opengl/eyes.h...
Reading /exp/xyxper/dmelo/c/uspds/src/eyes_java/Eyes.java...
Parsing file /exp/xyxper/dmelo/c/uspds/src/eyes_java/Eyes.java...
Preprocessing /exp/xyxper/dmelo/c/uspds/src/strategy/base.cc...
Parsing file /exp/xyxper/dmelo/c/uspds/src/strategy/base.cc...
Preprocessing /exp/xyxper/dmelo/c/uspds/src/strategy/base.h...
Parsing file /exp/xyxper/dmelo/c/uspds/src/strategy/base.h...
Preprocessing /exp/xyxper/dmelo/c/uspds/src/strategy/strategy.cc...
Parsing file /exp/xyxper/dmelo/c/uspds/src/strategy/strategy.cc...
Preprocessing /exp/xyxper/dmelo/c/uspds/src/strategy/strategy.h...
Parsing file /exp/xyxper/dmelo/c/uspds/src/strategy/strategy.h...
Preprocessing /exp/xyxper/dmelo/c/uspds/src/strategy/strategy2.cc...
Parsing file /exp/xyxper/dmelo/c/uspds/src/strategy/strategy2.cc...
Preprocessing /exp/xyxper/dmelo/c/uspds/src/strategy/strategy2.h...
Parsing file /exp/xyxper/dmelo/c/uspds/src/strategy/strategy2.h...
Preprocessing /exp/xyxper/dmelo/c/uspds/src/strategy/strategy_void.cc...
Parsing file /exp/xyxper/dmelo/c/uspds/src/strategy/strategy_void.cc...
Preprocessing /exp/xyxper/dmelo/c/uspds/src/lib/mmath.cc...
Parsing file /exp/xyxper/dmelo/c/uspds/src/lib/mmath.cc...
Preprocessing /exp/xyxper/dmelo/c/uspds/src/lib/mmath.h...
Parsing file /exp/xyxper/dmelo/c/uspds/src/lib/mmath.h...
Preprocessing /exp/xyxper/dmelo/c/uspds/src/lib/mstring.cc...
Parsing file /exp/xyxper/dmelo/c/uspds/src/lib/mstring.cc...
Preprocessing /exp/xyxper/dmelo/c/uspds/src/lib/mstring.h...
Parsing file /exp/xyxper/dmelo/c/uspds/src/lib/mstring.h...
Preprocessing /exp/xyxper/dmelo/c/uspds/src/lib/objeto.cc...
Parsing file /exp/xyxper/dmelo/c/uspds/src/lib/objeto.cc...
Preprocessing /exp/xyxper/dmelo/c/uspds/src/lib/objeto.h...
Parsing file /exp/xyxper/dmelo/c/uspds/src/lib/objeto.h...
Preprocessing /exp/xyxper/dmelo//exp/xyxper/dmelo/c/uspds/src/simulator/simulator.h:54: Warning: Compound simulator is not documented.
/exp/xyxper/dmelo/c/uspds/src/strategy/strategy.h:30: Warning: Compound strategy is not documented.
/exp/xyxper/dmelo/c/uspds/src/strategy/base.h:51: Warning: Compound base is not documented.
/exp/xyxper/dmelo/c/uspds/src/eyes_java/Eyes.java:32: Warning: Compound Eyes is not documented.
/exp/xyxper/dmelo/c/uspds/src/lib/mstring.h:10: Warning: Compound mstring is not documented.
/exp/xyxper/dmelo/c/uspds/src/strategy/strategy2.h:51: Warning: Compound strategy2 is not documented.
/exp/xyxper/dmelo/c/uspds/src/simulator/simulator.h:47: Warning: Compound eyes_client is not documented.
/exp/xyxper/dmelo/c/uspds/src/eyes_opengl/eyes.h:61: Warning: Member CAMPO_Z (define) of file eyes.h is not documented.
/exp/xyxper/dmelo/c/uspds/src/eyes_opengl/eyes.h:62: Warning: Member CAMPO_THICK (define) of file eyes.h is not documented.
/exp/xyxper/dmelo/c/uspds/src/eyes_opengl/eyes.h:63: Warning: Member CAMPO_LINE_THICK (define) of file eyes.h is not documented.
/exp/xyxper/dmelo/c/uspds/src/eyes_opengl/eyes.h:64: Warning: Member VETOR_TAM (define) of file eyes.h is not documented.
/exp/xyxper/dmelo/c/uspds/src/eyes_opengl/eyes.h:66: Warning: Member WIDTH (define) of file eyes.h is not documented.
/exp/xyxper/dmelo/c/uspds/src/eyes_opengl/eyes.h:67: Warning: Member HEIGHT (define) of file eyes.h is not documented.
/exp/xyxper/dmelo/c/uspds/src/eyes_opengl/eyes.h:69: Warning: Member RED (define) of file eyes.h is not documented.
/exp/xyxper/dmelo/c/uspds/src/eyes_opengl/eyes.h:70: Warning: Member GREEN (define) of file eyes.h is not documented.
/exp/xyxper/dmelo/c/uspds/src/eyes_opengl/eyes.h:71: Warning: Member BLUE (define) of file eyes.h is not documented.
/exp/xyxper/dmelo/c/uspds/src/eyes_opengl/eyes.h:72: Warning: Member ALPHA (define) of file eyes.h is not documented.
/exp/xyxper/dmelo/c/uspds/src/eyes_opengl/eyes.h:73: Warning: Member BRANCO (define) of file eyes.h is not documented.
/exp/xyxper/dmelo/c/uspds/src/eyes_opengl/eyes.h:74: Warning: Member PRETO (define) of file eyes.h is not documented.
/exp/xyxper/dmelo/c/uspds/src/eyes_opengl/eyes.h:75: Warning: Member LARANJA (define) of file eyes.h is not documented.
/exp/xyxper/dmelo/c/uspds/src/eyes_opengl/eyes.h:77: Warning: Member AMARELO (define) of file eyes.h is not documented.
/exp/xyxper/dmelo/c/uspds/src/eyes_opengl/eyes.h:78: Warning: Member AZUL (define) of file eyes.h is not documented.
/exp/xyxper/dmelo/c/uspds/src/eyes_opengl/eyes.h:80: Warning: Member VERMELHO (define) of file eyes.h is not documented.
/exp/xyxper/dmelo/c/uspds/src/eyes_opengl/eyes.h:81: Warning: Member VERDE (define) of file eyes.h is not documented.
/exp/xyxper/dmelo/c/uspds/src/eyes_opengl/eyes.h:82: Warning: Member CYAN (define) of file eyes.h is not documented.
/exp/xyxper/dmelo/c/uspds/src/eyes_opengl/eyes.h:83: Warning: Member ROSEO (define) of file eyes.h is not documented.
/exp/xyxper/dmelo/c/uspds/src/eyes_opengl/eyes.h:84: Warning: Member CINZA (define) of file eyes.h is not documented.
/exp/xyxper/dmelo/c/uspds/src/eyes_opengl/eyes.h:85: Warning: Member MAGENTA (define) of file eyes.h is not documented.
/exp/xyxper/dmelo/c/uspds/src/eyes_opengl/eyes.h:87: Warning: Member KEY_ESC (define) of file eyes.h is not documented.
/exp/xyxper/dmelo/c/uspds/src/eyes_opengl/eyes.h:88: Warning: Member KEY_SPC (define) of file eyes.h is not documented.
/exp/xyxper/dmelo/c/uspds/src/eyes_opengl/eyes.h:90: Warning: Member init_scene() (function) of file eyes.h is not documented.
/exp/xyxper/dmelo/c/uspds/src/eyes_opengl/eyes.h:91: Warning: Member initGL() (function) of file eyes.h is not documented.
/exp/xyxper/dmelo/c/uspds/src/eyes_opengl/eyes.h:93: Warning: Member window_display() (function) of file eyes.h is not documented.
/exp/xyxper/dmelo/c/uspds/src/eyes_opengl/eyes.h:94: Warning: Member window_reshape(GLsizei width, GLsizei height) (function) of file eyes.h is not documented.
/exp/xyxper/dmelo/c/uspds/src/eyes_opengl/eyes.h:95: Warning: Member sair() (function) of file eyes.h is not documented.
/exp/xyxper/dmelo/c/uspds/src/eyes_opengl/eyes.h:160: Warning: argument `coorinates' of command @param is not found in the argument list of read_coordinates(char *coordinates)
/exp/xyxper/dmelo/c/uspds/src/eyes_opengl/eyes.h:160: Warning: The following parameters of read_coordinates(char *coordinates) are not documented:
  parameter coordinates
/exp/xyxper/dmelo/c/uspds/src/lib/protocolo.h:112: Warning: Member encode_objects(float bx, float by, float *x, float *y, float *a) (function) of class protocolo is not documented.
/exp/xyxper/dmelo/c/uspds/src/lib/protocolo.h:113: Warning: Member decode_objects(string msn, float *bx, float *by, float *tax, float *tay, float *taa, float *tbx, float *tby, float *tba) (function) of class protocolo is not documented.
/exp/xyxper/dmelo/c/uspds/src/lib/protocolo.h:114: Warning: Member encode_strategy(float bx, float by, float *x, float *y, float *a) (function) of class protocolo is not documented.
/exp/xyxper/dmelo/c/uspds/src/lib/protocolo.h:115: Warning: Member decode_strategy(string msn, float *bx, float *by, float *tax, float *tay, float *taa, float *tbx, float *tby) (function) of class protocolo is not documented.
/exp/xyxper/dmelo/c/uspds/src/lib/protocolo.h:116: Warning: Member encode_command(float *vl, float *vr) (function) of class protocolo is not documented.
/exp/xyxper/dmelo/c/uspds/src/lib/protocolo.h:117: Warning: Member encode_score(int t1, int t2) (function) of class protocolo is not documented.
/exp/xyxper/dmelo/c/uspds/src/lib/protocolo.h:118: Warning: Member decode_score(string msn, int *t1, int *t2) (function) of class protocolo is not documented.
/exp/xyxper/dmelo/c/uspds/src/lib/protocolo.h:119: Warning: Member encode_time(int time) (function) of class protocolo is not documented.
/exp/xyxper/dmelo/c/uspds/src/lib/protocolo.h:120: Warning: Member decode_time(string msn, int *time) (function) of class protocolo is not documented.
/exp/xyxper/dmelo/c/uspds/src/lib/protocolo.h:121: Warning: Member encode_vision_objects(int bx, int by, int *x, int *y, int *a) (function) of class protocolo is not documented.
/exp/xyxper/dmelo/c/uspds/src/lib/protocolo.h:122: Warning: Member decode_vision_objects(string msn, int *bx, int *by, int *tax, int *tay, int *taa, int *tbx, int *tby, int *tba) (function) of class protocolo is not documented.
/exp/xyxper/dmelo/c/uspds/src/lib/protocolo.h:123: Warning: Member encode_vision_field(int *x, int *y) (function) of class protocolo is not documented.
/exp/xyxper/dmelo/c/uspds/src/lib/protocolo.h:124: Warning: Member decode_vision_field(string msn, int *x, int *y) (function) of class protocolo is not documented.
/exp/xyxper/dmelo/c/uspds/src/lib/protocolo.h:71: Warning: argument `nJogadores' of command @param is not found in the argument list of protocolo::encode(float bx, float by, float *tax, float *tay, float *anga, float *tbx, float *tby)
c/uspds/src/lib/parametros.h...
Parsing file /exp/xyxper/dmelo/c/uspds/src/lib/parametros.h...
Preprocessing /exp/xyxper/dmelo/c/uspds/src/lib/protocolo.cc...
Parsing file /exp/xyxper/dmelo/c/uspds/src/lib/protocolo.cc...
Preprocessing /exp/xyxper/dmelo/c/uspds/src/lib/protocolo.h...
Parsing file /exp/xyxper/dmelo/c/uspds/src/lib/protocolo.h...
Preprocessing /exp/xyxper/dmelo/c/uspds/src/lib/res_sistema.cc...
Parsing file /exp/xyxper/dmelo/c/uspds/src/lib/res_sistema.cc...
Preprocessing /exp/xyxper/dmelo/c/uspds/src/lib/res_sistema.h...
Parsing file /exp/xyxper/dmelo/c/uspds/src/lib/res_sistema.h...
Preprocessing /exp/xyxper/dmelo/c/uspds/src/lib/t_protocolo.cc...
Parsing file /exp/xyxper/dmelo/c/uspds/src/lib/t_protocolo.cc...
Preprocessing /exp/xyxper/dmelo/c/uspds/src/lib/vetor2d.cc...
Parsing file /exp/xyxper/dmelo/c/uspds/src/lib/vetor2d.cc...
Preprocessing /exp/xyxper/dmelo/c/uspds/src/lib/vetor2d.h...
Parsing file /exp/xyxper/dmelo/c/uspds/src/lib/vetor2d.h...
Building group list...
Building directory list...
Building namespace list...
Building file list...
Searching for included using directives...
Building class list...
Associating documentation with classes...
Computing nesting relations for classes...
Searching for members imported via using declarations...
Building example list...
Searching for enumerations...
Searching for documented variables...
Building member list...
Searching for friends...
Searching for documented defines...
Computing template instances...
Flushing cached template relations that have become invalid...
Creating members for template instances...
Computing class relations...
Searching for member function documentation...
Building page list...
Search for main page...
Computing page relations...
Determining the scope of groups...
Sorting lists...
Freeing entry tree
Determining which enums are documented
Computing member relations...
Building full member lists recursively...
Adding members to member groups.
Computing member references...
Inheriting documentation...
Generating disk names...
Adding source references...
Adding todo/test/bug list items...
Generating style sheet...
Counting data structures...
Resolving user defined references...
Combining using relations...
Finding anchors and sections in the documentation...
Generating index page...
Generating example documentation...
Generating file sources...
Generating code for file src/eyes_opengl/eyes.h...
Generating code for file src/lib/mmath.h...
Generating code for file src/lib/mstring.h...
Generating code for file src/lib/objeto.h...
Generating code for file src/lib/parametros.h...
Generating code for file src/lib/protocolo.h...
Generating code for file src/lib/res_sistema.h...
Generating code for file src/lib/vetor2d.h...
Generating code for file src/simulator/bola.h...
Generating code for file src/simulator/campo.h...
Generating code for file src/simulator/functions.h...
Generating code for file src/simulator/functions_vo.h...
Generating code for file src/simulator/robo.h...
Generating code for file src/simulator/simulator.h...
Generating code for file src/strategy/base.h...
Generating code for file src/strategy/strategy.h...
Generating code for file src/strategy/strategy2.h...
Generating file documentation...
Generating docs for file src/eyes_opengl/eyes.h...
Generating docs for file src/lib/mmath.h...
Generating docs for file src/lib/objeto.h...
Generating docs for file src/lib/protocolo.h...
Generating docs for file src/lib/vetor2d.h...
Generating docs for file src/simulator/bola.h...
Generating docs for file src/simulator/campo.h...
Generating docs for file src/simulator/robo.h...
Generating page documentation...
Generating group documentation...
Generating group index...
Generating class documentation...
Generating annotated compound index...
Generating hierarchical class index...
Generating member index...
Generating docs for compound bola...
Generating docs for compound campo...
Generating docs for compound mmath...
Generating docs for compound objeto...
Generating docs for compound protocolo...
Generating docs for compound rob/exp/xyxper/dmelo/c/uspds/src/simulator/robo.h:159: Warning: Member getVelEsq() (function) of class robo is not documented.
/exp/xyxper/dmelo/c/uspds/src/simulator/robo.h:175: Warning: Member getVelocidade_por_posicao() (function) of class robo is not documented.
/exp/xyxper/dmelo/c/uspds/src/simulator/robo.h:176: Warning: Member getAng_por_posicao() (function) of class robo is not documented.
/exp/xyxper/dmelo/c/uspds/src/simulator/robo.h:275: Warning: Member setAng(float a) (function) of class robo is not documented.
/exp/xyxper/dmelo/c/uspds/src/simulator/robo.h:211: Warning: The following parameters of robo::colisao_robo_segmento(campo *c, int aresta) are not documented:
  parameter c
/exp/xyxper/dmelo/c/uspds/src/simulator/robo.h:217: Warning: argument `c' of command @param is not found in the argument list of robo::distancia_ponto_interno_robo(float a_x, float a_y)
o...
Generating docs for compound vetor2d...
Generating namespace index...
Generating namespace member index...
Generating graph info page...
Generating file index...
Generating example index...
Generating file member index...
Generating page index...
